\BOOKMARK [1][-]{section.1}{\376\377\000S\000y\000s\000t\000e\000m\000\040\000D\000e\000s\000c\000r\000i\000p\000t\000i\000o\000n}{}% 1
\BOOKMARK [2][-]{subsection.1.1}{\376\377\000G\000e\000n\000e\000r\000a\000l\000i\000z\000e\000d\000\040\000C\000o\000o\000r\000d\000i\000n\000a\000t\000e\000s}{section.1}% 2
\BOOKMARK [2][-]{subsection.1.2}{\376\377\000K\000i\000n\000e\000t\000i\000c\000\040\000E\000n\000e\000r\000g\000y}{section.1}% 3
\BOOKMARK [2][-]{subsection.1.3}{\376\377\000P\000o\000t\000e\000n\000t\000i\000a\000l\000\040\000E\000n\000e\000r\000g\000y}{section.1}% 4
\BOOKMARK [2][-]{subsection.1.4}{\376\377\000L\000a\000g\000r\000a\000n\000g\000i\000a\000n}{section.1}% 5
\BOOKMARK [1][-]{section.2}{\376\377\000E\000q\000u\000a\000t\000i\000o\000n\000s\000\040\000o\000f\000\040\000M\000o\000t\000i\000o\000n}{}% 6
\BOOKMARK [2][-]{subsection.2.1}{\376\377\000R\000a\000d\000i\000a\000l\000\040\000M\000o\000t\000i\000o\000n\000\040\000\050\000\040\000r\000\040\000\051}{section.2}% 7
\BOOKMARK [2][-]{subsection.2.2}{\376\377\000A\000n\000g\000u\000l\000a\000r\000\040\000M\000o\000t\000i\000o\000n\000\040\000\050\000\040\000\051}{section.2}% 8
\BOOKMARK [1][-]{section.3}{\376\377\000N\000u\000m\000e\000r\000i\000c\000a\000l\000\040\000M\000e\000t\000h\000o\000d\000o\000l\000o\000g\000y\000\040\000f\000o\000r\000\040\000t\000h\000e\000\040\000S\000p\000r\000i\000n\000g\000\040\000P\000e\000n\000d\000u\000l\000u\000m\000\040\000w\000i\000t\000h\000\040\000M\000a\000g\000n\000e\000t\000i\000c\000\040\000I\000n\000t\000e\000r\000a\000c\000t\000i\000o\000n}{}% 9
\BOOKMARK [1][-]{section.4}{\376\377\000N\000u\000m\000e\000r\000i\000c\000a\000l\000\040\000S\000c\000h\000e\000m\000e\000s\000\040\000C\000o\000n\000s\000i\000d\000e\000r\000e\000d}{}% 10
\BOOKMARK [2][-]{subsection.4.1}{\376\377\000E\000u\000l\000e\000r\000\040\000M\000e\000t\000h\000o\000d}{section.4}% 11
\BOOKMARK [2][-]{subsection.4.2}{\376\377\000V\000e\000r\000l\000e\000t\000\040\000I\000n\000t\000e\000g\000r\000a\000t\000i\000o\000n}{section.4}% 12
\BOOKMARK [2][-]{subsection.4.3}{\376\377\000R\000u\000n\000g\000e\000-\000K\000u\000t\000t\000a\000\040\000M\000e\000t\000h\000o\000d\000s\000\040\000\050\000R\000K\0004\000\040\000a\000n\000d\000\040\000R\000K\0004\0005\000\051}{section.4}% 13
\BOOKMARK [2][-]{subsection.4.4}{\376\377\000I\000m\000p\000l\000i\000c\000i\000t\000\040\000B\000a\000c\000k\000w\000a\000r\000d\000\040\000E\000u\000l\000e\000r\000\040\000M\000e\000t\000h\000o\000d}{section.4}% 14
\BOOKMARK [2][-]{subsection.4.5}{\376\377\000C\000r\000a\000n\000k\000-\000N\000i\000c\000o\000l\000s\000o\000n\000\040\000M\000e\000t\000h\000o\000d}{section.4}% 15
\BOOKMARK [2][-]{subsection.4.6}{\376\377\000L\000e\000a\000p\000f\000r\000o\000g\000\040\000M\000e\000t\000h\000o\000d}{section.4}% 16
\BOOKMARK [2][-]{subsection.4.7}{\376\377\000S\000y\000m\000p\000l\000e\000c\000t\000i\000c\000\040\000I\000n\000t\000e\000g\000r\000a\000t\000o\000r\000s}{section.4}% 17
\BOOKMARK [2][-]{subsection.4.8}{\376\377\000E\000x\000p\000o\000n\000e\000n\000t\000i\000a\000l\000\040\000I\000n\000t\000e\000g\000r\000a\000t\000o\000r\000s}{section.4}% 18
\BOOKMARK [2][-]{subsection.4.9}{\376\377\000\040\000M\000u\000l\000t\000i\000s\000c\000a\000l\000e\000\040\000M\000e\000t\000h\000o\000d\000s}{section.4}% 19
\BOOKMARK [2][-]{subsection.4.10}{\376\377\000G\000e\000o\000m\000e\000t\000r\000i\000c\000\040\000I\000n\000t\000e\000g\000r\000a\000t\000o\000r\000s}{section.4}% 20
\BOOKMARK [2][-]{subsection.4.11}{\376\377\000M\000e\000t\000h\000o\000d\000o\000l\000o\000g\000y\000\040\000S\000e\000l\000e\000c\000t\000i\000o\000n}{section.4}% 21
\BOOKMARK [1][-]{section.5}{\376\377\000N\000u\000m\000e\000r\000i\000c\000a\000l\000\040\000R\000e\000s\000u\000l\000t\000s\000\040\000a\000n\000d\000\040\000V\000i\000s\000u\000a\000l\000i\000z\000a\000t\000i\000o\000n\000s}{}% 22
\BOOKMARK [2][-]{subsection.5.1}{\376\377\000A\000n\000i\000m\000a\000t\000i\000o\000n\000\040\000o\000f\000\040\000t\000h\000e\000\040\000S\000y\000s\000t\000e\000m\000\040\000D\000y\000n\000a\000m\000i\000c\000s}{section.5}% 23
\BOOKMARK [2][-]{subsection.5.2}{\376\377\000R\000a\000d\000i\000a\000l\000\040\000P\000h\000a\000s\000e\000\040\000P\000o\000r\000t\000r\000a\000i\000t}{section.5}% 24
\BOOKMARK [2][-]{subsection.5.3}{\376\377\000A\000n\000g\000u\000l\000a\000r\000\040\000P\000h\000a\000s\000e\000\040\000P\000o\000r\000t\000r\000a\000i\000t}{section.5}% 25
\BOOKMARK [2][-]{subsection.5.4}{\376\377\000P\000o\000i\000n\000c\000a\000r\000\351\000\040\000M\000a\000p}{section.5}% 26
\BOOKMARK [2][-]{subsection.5.5}{\376\377\000D\000i\000s\000c\000u\000s\000s\000i\000o\000n\000\040\000o\000f\000\040\000R\000e\000s\000u\000l\000t\000s}{section.5}% 27
\BOOKMARK [1][-]{section.6}{\376\377\000M\000a\000g\000n\000e\000t\000i\000c\000\040\000I\000n\000t\000e\000r\000a\000c\000t\000i\000o\000n\000\040\000M\000o\000d\000e\000l\000i\000n\000g}{}% 28
\BOOKMARK [2][-]{subsection.6.1}{\376\377\000E\000n\000h\000a\000n\000c\000e\000d\000\040\000M\000a\000g\000n\000e\000t\000i\000c\000\040\000F\000i\000e\000l\000d\000\040\000M\000o\000d\000e\000l}{section.6}% 29
\BOOKMARK [2][-]{subsection.6.2}{\376\377\000N\000o\000n\000l\000i\000n\000e\000a\000r\000\040\000M\000a\000g\000n\000e\000t\000i\000c\000\040\000F\000o\000r\000c\000e}{section.6}% 30
\BOOKMARK [2][-]{subsection.6.3}{\376\377\000U\000p\000d\000a\000t\000e\000d\000\040\000E\000q\000u\000a\000t\000i\000o\000n\000s\000\040\000o\000f\000\040\000M\000o\000t\000i\000o\000n}{section.6}% 31
\BOOKMARK [2][-]{subsection.6.4}{\376\377\000N\000u\000m\000e\000r\000i\000c\000a\000l\000\040\000I\000m\000p\000l\000e\000m\000e\000n\000t\000a\000t\000i\000o\000n}{section.6}% 32
\BOOKMARK [2][-]{subsection.6.5}{\376\377\000D\000i\000s\000c\000u\000s\000s\000i\000o\000n}{section.6}% 33
\BOOKMARK [1][-]{section.7}{\376\377\000S\000p\000r\000i\000n\000g\000\040\000P\000e\000n\000d\000u\000l\000u\000m\000\040\000w\000i\000t\000h\000\040\000M\000a\000g\000n\000e\000t\000i\000c\000\040\000I\000n\000t\000e\000r\000a\000c\000t\000i\000o\000n\000:\000\040\000N\000u\000m\000e\000r\000i\000c\000a\000l\000\040\000A\000n\000a\000l\000y\000s\000i\000s}{}% 34
\BOOKMARK [1][-]{section.8}{\376\377\000N\000u\000m\000e\000r\000i\000c\000a\000l\000\040\000T\000e\000c\000h\000n\000i\000q\000u\000e\000s}{}% 35
\BOOKMARK [1][-]{section.9}{\376\377\000E\000n\000h\000a\000n\000c\000e\000d\000\040\000M\000a\000g\000n\000e\000t\000i\000c\000s}{}% 36
\BOOKMARK [2][-]{subsection.9.1}{\376\377\000R\000a\000d\000i\000a\000l\000\040\000P\000h\000a\000s\000e\000\040\000P\000o\000r\000t\000r\000a\000i\000t}{section.9}% 37
\BOOKMARK [2][-]{subsection.9.2}{\376\377\000A\000n\000g\000u\000l\000a\000r\000\040\000P\000h\000a\000s\000e\000\040\000P\000o\000r\000t\000r\000a\000i\000t}{section.9}% 38
\BOOKMARK [2][-]{subsection.9.3}{\376\377\000P\000o\000i\000n\000c\000a\000r\000\351\000\040\000M\000a\000p}{section.9}% 39
\BOOKMARK [2][-]{subsection.9.4}{\376\377\000A\000n\000i\000m\000a\000t\000i\000o\000n}{section.9}% 40
\BOOKMARK [1][-]{section.10}{\376\377\000D\000i\000s\000c\000u\000s\000s\000i\000o\000n}{}% 41
\BOOKMARK [1][-]{section.11}{\376\377\000C\000o\000n\000c\000l\000u\000s\000i\000o\000n}{}% 42
